<?xml version="1.0" encoding="UTF-8"?>
<beans xmlns="http://www.springframework.org/schema/beans"
       xmlns:xsi="http://www.w3.org/2001/XMLSchema-instance"
       xmlns:context="http://www.springframework.org/schema/context"
       xmlns:tx="http://www.springframework.org/schema/tx"
              xmlns:aop="http://www.springframework.org/schema/aop"
       xsi:schemaLocation="http://www.springframework.org/schema/beans
                           http://www.springframework.org/schema/beans/spring-beans.xsd
                           http://www.springframework.org/schema/mvc
                           http://www.springframework.org/schema/mvc/spring-mvc.xsd
                           http://www.springframework.org/schema/tx
                           http://www.springframework.org/schema/tx/spring-tx-3.0.xsd
                           http://www.springframework.org/schema/context
                           http://www.springframework.org/schema/context/spring-context.xsd
       http://www.springframework.org/schema/aop http://www.springframework.org/schema/aop/spring-aop-3.2.xsd">

    <!-- Bean definitions go here -->

    <!-- DataSource Connection Info -->
    <bean id="dataSource"
          class="org.apache.commons.dbcp2.BasicDataSource">
        <property name="driverClassName" value="com.mysql.jdbc.Driver"/>
        <property name="url"
                  value="jdbc:mysql://localhost:3306/superhero_test"/>
        <property name="username" value="root"/>
        <property name="password" value="root"/>
        <property name="initialSize" value="5"/>
        <property name="maxTotal" value="10"/>
    </bean>

    <!-- Transaction Manager Info -->
    <bean id="transactionManager"
          class="org.springframework.jdbc.datasource.DataSourceTransactionManager">
        <property name="dataSource" ref="dataSource"/>
    </bean>


    <!-- JDBCTemplate Info -->
    <context:component-scan base-package="com.sg.superhero.dao"/>

    <tx:annotation-driven/>

    <bean id="jdbcTemplate"
          class="org.springframework.jdbc.core.JdbcTemplate">
        <property name="dataSource" ref="dataSource"/>
    </bean>

    <bean id="locationDao" class="com.sg.superhero.dao.LocationDaoImpl"/>

    <bean id="testHelper" class="com.sg.superhero.TestHelper" />

    <bean id="superDao" class="com.sg.superhero.dao.SuperDaoImpl" />

    <bean id="organizationDao" class="com.sg.superhero.dao.OrganizationDaoImpl" />

    <bean id="powerDao" class="com.sg.superhero.dao.PowerDaoImpl" />

    <bean id="sightingDao" class="com.sg.superhero.dao.SightingDaoImpl" />

    <bean id="superOrganizationDao" class="com.sg.superhero.dao.SuperOrganizationDaoImpl" />

    <bean id="superPowerDao" class="com.sg.superhero.dao.SuperPowerDaoImpl" />

    <bean id="superSightingDao" class="com.sg.superhero.dao.SuperSightingDaoImpl" />
    
</beans>
